<?xml version="1.0" encoding="UTF-8"?>
<!-- Generated by org.testng.reporters.JUnitReportReporter -->
<testsuite skipped="0" hostname="ARS-DELL-LT-056" name="tsmonsute.ocrchk" tests="1" failures="0" timestamp="05 Oct 2019 13:42:57 GMT" time="6.477" errors="0">
  <testcase name="start" time="6.477" classname="tsmonsute.ocrchk"/>
</testsuite> <!-- tsmonsute.ocrchk -->
